2023-03-16 19:14:25,815 DEBUG client.py Создано presence сообщение для Guest
2023-03-16 19:14:25,815 DEBUG client.py Анализ сообщения от сервера: {'response': 200}
2023-03-16 19:14:25,815 INFO client.py Ответ от сервера получен 200 : OK
2023-03-20 17:35:46,237 DEBUG client.py Создано presence сообщение для Guest
2023-03-20 17:35:46,237 DEBUG client.py Создано presence сообщение для Guest
2023-03-20 17:35:46,237 DEBUG wrap.py Функция create_presence вызвана из функции main
2023-03-20 17:35:46,237 DEBUG wrap.py Функция create_presence вызвана из функции main
2023-03-20 17:35:46,253 DEBUG client.py Анализ сообщения от сервера: {'response': 200}
2023-03-20 17:35:46,253 DEBUG client.py Анализ сообщения от сервера: {'response': 200}
2023-03-20 17:35:46,253 DEBUG wrap.py Функция process_ans вызвана из функции main
2023-03-20 17:35:46,253 DEBUG wrap.py Функция process_ans вызвана из функции main
2023-03-20 17:35:46,253 INFO client.py Ответ от сервера получен 200 : OK
2023-03-20 17:35:46,253 INFO client.py Ответ от сервера получен 200 : OK
2023-03-23 16:38:53,174 INFO client.py Клиент запущен. Адрес сервера:127.0.0.1, порт:7777, режим работы: send
2023-03-23 16:38:53,174 INFO client.py Клиент запущен. Адрес: 127.0.0.1, порт: 7777
2023-03-23 16:38:53,174 DEBUG client.py Создано presence сообщение для Guest
2023-03-23 16:38:53,174 DEBUG wrap.py Функция create_presence вызвана из функции main
2023-03-23 16:38:53,676 DEBUG client.py Анализ сообщения от сервера: {'response': 200}
2023-03-23 16:38:53,692 DEBUG wrap.py Функция process_ans вызвана из функции main
2023-03-23 16:38:53,698 INFO client.py Ответ от сервера получен 200 : OK
2023-03-23 16:39:26,367 INFO client.py Клиент запущен. Адрес сервера:127.0.0.1, порт:7777, режим работы: listen
2023-03-23 16:39:26,367 INFO client.py Клиент запущен. Адрес: 127.0.0.1, порт: 7777
2023-03-23 16:39:26,367 DEBUG client.py Создано presence сообщение для Guest
2023-03-23 16:39:26,367 DEBUG wrap.py Функция create_presence вызвана из функции main
2023-03-23 16:39:26,883 DEBUG client.py Анализ сообщения от сервера: {'response': 200}
2023-03-23 16:39:26,899 DEBUG wrap.py Функция process_ans вызвана из функции main
2023-03-23 16:39:26,899 INFO client.py Ответ от сервера получен 200 : OK
2023-03-23 16:39:33,315 DEBUG client.py Сформирован словарь сообщения: {'action': 'message', 'time': 1679578773.3151057, 'account_name': 'Guest', 'mess_text': 'fpfpfpf'}
2023-03-23 16:39:33,315 DEBUG wrap.py Функция create_message вызвана из функции main
2023-03-23 16:39:33,399 INFO client.py Сообшение от Guest: fpfpfpf
2023-03-23 16:39:33,399 DEBUG wrap.py Функция message_from_server вызвана из функции main
2023-03-23 16:39:48,617 INFO client.py Завершение работы по команде пользователя.
