2023-03-27 19:13:34,352 INFO server.py Сервер запущен. Порт подлючения 7777, прием с любых адресов
2023-03-27 19:16:15,256 INFO server.py Соединение ('127.0.0.1', 62010) с установлено
2023-03-27 19:16:15,779 DEBUG server.py Получено сообщение от клиента: {'action': 'presence', 'time': 1679933775.2566395, 'user': {'account_name': 'alina'}}
2023-03-27 19:16:15,795 DEBUG wrap.py Функция process_client_message вызвана из функции main
2023-03-27 19:17:20,702 INFO server.py Соединение ('127.0.0.1', 62014) с установлено
2023-03-27 19:17:21,207 DEBUG server.py Получено сообщение от клиента: {'action': 'presence', 'time': 1679933840.7028253, 'user': {'account_name': 'jared'}}
2023-03-27 19:17:21,242 DEBUG wrap.py Функция process_client_message вызвана из функции main
2023-03-27 19:17:43,434 DEBUG server.py Получено сообщение от клиента: {'action': 'message', 'time': 1679933863.1694365, 'from': 'jared', 'mess_text': 'Abooooooffff!', 'to': 'alina'}
2023-03-27 19:17:43,438 DEBUG wrap.py Функция process_client_message вызвана из функции main
2023-03-27 19:17:43,445 INFO server.py Отправлено сообщение пользователю alina от пользователя jared.
2023-03-27 19:17:43,446 DEBUG wrap.py Функция process_message вызвана из функции main
2023-03-30 18:25:01,459 INFO server.py Сервер запущен. Порт подлючения 7777, прием с любых адресов
2023-04-03 19:11:41,875 INFO server.py Сервер запущен. Порт подлючения 7777, прием с любых адресов
2023-04-03 19:15:06,702 INFO server.py Соединение ('127.0.0.1', 63341) с установлено
2023-04-03 19:15:07,203 DEBUG server.py Получено сообщение от клиента: {'action': 'presence', 'time': 1680538506.7022007, 'user': {'account_name': 'Alina'}}
2023-04-03 19:15:07,203 DEBUG wrap.py Функция process_client_message вызвана из функции main_loop
2023-04-03 19:15:39,357 INFO server.py Соединение ('127.0.0.1', 63343) с установлено
2023-04-03 19:15:39,878 DEBUG server.py Получено сообщение от клиента: {'action': 'presence', 'time': 1680538539.3577805, 'user': {'account_name': 'Jared'}}
2023-04-03 19:15:39,888 DEBUG wrap.py Функция process_client_message вызвана из функции main_loop
2023-04-03 19:15:53,551 DEBUG server.py Получено сообщение от клиента: {'action': 'message', 'time': 1680538553.0580428, 'from': 'Jared', 'mess_text': 'woooooof!', 'to': 'Alina'}
2023-04-03 19:15:53,551 DEBUG wrap.py Функция process_client_message вызвана из функции main_loop
2023-04-03 19:15:53,559 INFO server.py Отправлено сообщение пользователю Alina от пользователя Jared.
2023-04-03 19:15:53,559 DEBUG wrap.py Функция process_message вызвана из функции main_loop
2023-04-03 19:21:27,358 DEBUG server.py Получено сообщение от клиента: {'action': 'exit', 'time': 1680538887.0573041, 'account_name': 'Alina'}
2023-04-03 19:21:27,358 DEBUG wrap.py Функция process_client_message вызвана из функции main_loop
2023-04-03 19:21:33,421 DEBUG server.py Получено сообщение от клиента: {'action': 'exit', 'time': 1680538892.9411666, 'account_name': 'Jared'}
2023-04-03 19:21:33,421 DEBUG wrap.py Функция process_client_message вызвана из функции main_loop
2023-04-03 19:21:37,504 INFO server.py Соединение ('127.0.0.1', 63399) с установлено
2023-04-03 19:21:38,019 DEBUG server.py Получено сообщение от клиента: {'action': 'presence', 'time': 1680538897.5048678, 'user': {'account_name': 'exit'}}
2023-04-03 19:21:38,025 DEBUG wrap.py Функция process_client_message вызвана из функции main_loop
2023-04-06 18:57:39,411 INFO server.py Сервер запущен. Порт подлючения 7777, прием с любых адресов
2023-04-06 18:58:09,945 INFO server.py Соединение ('127.0.0.1', 64007) с установлено
2023-04-06 18:58:10,451 DEBUG server.py Получено сообщение от клиента: {'action': 'presence', 'time': 1680796689.945515, 'user': {'account_name': 'Jordan'}}
2023-04-06 18:58:10,535 DEBUG wrap.py Функция process_client_message вызвана из функции main_loop
2023-04-06 18:58:21,061 INFO server.py Соединение ('127.0.0.1', 64008) с установлено
2023-04-06 18:58:21,562 DEBUG server.py Получено сообщение от клиента: {'action': 'presence', 'time': 1680796701.0615602, 'user': {'account_name': 'Daniel'}}
2023-04-06 18:58:21,638 DEBUG wrap.py Функция process_client_message вызвана из функции main_loop
2023-04-06 18:58:44,298 DEBUG server.py Получено сообщение от клиента: {'action': 'message', 'time': 1680796724.1164005, 'from': 'Daniel', 'mess_text': 'Hi bro!', 'to': 'Jordan'}
2023-04-06 18:58:44,298 DEBUG wrap.py Функция process_client_message вызвана из функции main_loop
2023-04-06 18:58:44,298 INFO server.py Отправлено сообщение пользователю Jordan от пользователя Daniel.
2023-04-06 18:58:44,298 DEBUG wrap.py Функция process_message вызвана из функции main_loop
